#
# There is insufficient memory for the Java Runtime Environment to continue.
# Native memory allocation (malloc) failed to allocate 1168144 bytes. Error detail: Chunk::new
# Possible reasons:
#   The system is out of physical RAM or swap space
#   This process is running with CompressedOops enabled, and the Java Heap may be blocking the growth of the native heap
# Possible solutions:
#   Reduce memory load on the system
#   Increase physical memory or swap space
#   Check if swap backing store is full
#   Decrease Java heap size (-Xmx/-Xms)
#   Decrease number of Java threads
#   Decrease Java thread stack sizes (-Xss)
#   Set larger code cache with -XX:ReservedCodeCacheSize=
#   JVM is running with Zero Based Compressed Oops mode in which the Java heap is
#     placed in the first 32GB address space. The Java Heap base address is the
#     maximum limit for the native heap growth. Please use -XX:HeapBaseMinAddress
#     to set the Java Heap base and to place the Java Heap above 32GB virtual address.
# This output file may be truncated or incomplete.
#
#  Out of Memory Error (arena.cpp:162), pid=32480, tid=26028
#
# JRE version: OpenJDK Runtime Environment (24.0+36) (build 24+36-3646)
# Java VM: OpenJDK 64-Bit Server VM (24+36-3646, mixed mode, sharing, tiered, compressed oops, compressed class ptrs, g1 gc, windows-amd64)
# No core dump will be written. Minidumps are not enabled by default on client versions of Windows
#

---------------  S U M M A R Y ------------

Command Line: -javaagent:C:\Program Files\JetBrains\IntelliJ IDEA Community Edition 2024.3.5\lib\idea_rt.jar=59275 -Dfile.encoding=UTF-8 -Dsun.stdout.encoding=UTF-8 -Dsun.stderr.encoding=UTF-8 com.kings.okdhvi.Iniciar

Host: 12th Gen Intel(R) Core(TM) i7-1255U, 12 cores, 15G,  Windows 11 , 64 bit Build 26100 (10.0.26100.6725)
Time: Tue Nov  4 16:17:22 2025 Hora oficial do Brasil elapsed time: 4.023786 seconds (0d 0h 0m 4s)

---------------  T H R E A D  ---------------

Current thread (0x000002a91b70b340):  JavaThread "C2 CompilerThread0" daemon [_thread_in_native, id=26028, stack(0x000000f46d400000,0x000000f46d500000) (1024K)]


Current CompileTask:
C2:4023 1239   !   4       java.util.zip.ZipFile::getMetaInfVersions (44 bytes)

Stack: [0x000000f46d400000,0x000000f46d500000]
Native frames: (J=compiled Java code, j=interpreted, Vv=VM code, C=native code)
V  [jvm.dll+0x7308c9]  (no source info available)
V  [jvm.dll+0x8d9ca3]  (no source info available)
V  [jvm.dll+0x8dc13d]  (no source info available)
V  [jvm.dll+0x8dc7b3]  (no source info available)
V  [jvm.dll+0x2aa046]  (no source info available)
V  [jvm.dll+0xced8f]  (no source info available)
V  [jvm.dll+0xcefef]  (no source info available)
V  [jvm.dll+0x154d23]  (no source info available)
V  [jvm.dll+0x7360ef]  (no source info available)
V  [jvm.dll+0x26f9dc]  (no source info available)
V  [jvm.dll+0x26e9ff]  (no source info available)
V  [jvm.dll+0x1e9d00]  (no source info available)
V  [jvm.dll+0x27e1bb]  (no source info available)
V  [jvm.dll+0x27c45a]  (no source info available)
V  [jvm.dll+0x42f566]  (no source info available)
V  [jvm.dll+0x87d8fb]  (no source info available)
V  [jvm.dll+0x72efe5]  (no source info available)
C  [ucrtbase.dll+0x37b0]  (no source info available)
C  [KERNEL32.DLL+0x2e8d7]  (no source info available)
C  [ntdll.dll+0x8c53c]  (no source info available)

Lock stack of current Java thread (top to bottom):


---------------  P R O C E S S  ---------------

Threads class SMR info:
_java_thread_list=0x000002a9618f3f20, length=15, elements={
0x000002a978b2e0e0, 0x000002a97c7ae4c0, 0x000002a91b6e1090, 0x000002a91b6e2580,
0x000002a91b6e30b0, 0x000002a91b6ebbf0, 0x000002a91b6ede90, 0x000002a91b70b340,
0x000002a91b70c400, 0x000002a91b6ef480, 0x000002a91b6ee5e0, 0x000002a91b6efbd0,
0x000002a91b6eed30, 0x000002a91b6ec8a0, 0x000002a961916b90
}

Java Threads: ( => current thread )
  0x000002a978b2e0e0 JavaThread "main"                              [_thread_blocked, id=33920, stack(0x000000f46c600000,0x000000f46c700000) (1024K)]
  0x000002a97c7ae4c0 JavaThread "Reference Handler"          daemon [_thread_blocked, id=30420, stack(0x000000f46ce00000,0x000000f46cf00000) (1024K)]
  0x000002a91b6e1090 JavaThread "Finalizer"                  daemon [_thread_blocked, id=36244, stack(0x000000f46cf00000,0x000000f46d000000) (1024K)]
  0x000002a91b6e2580 JavaThread "Signal Dispatcher"          daemon [_thread_blocked, id=27620, stack(0x000000f46d000000,0x000000f46d100000) (1024K)]
  0x000002a91b6e30b0 JavaThread "Attach Listener"            daemon [_thread_blocked, id=17228, stack(0x000000f46d100000,0x000000f46d200000) (1024K)]
  0x000002a91b6ebbf0 JavaThread "Service Thread"             daemon [_thread_blocked, id=29896, stack(0x000000f46d200000,0x000000f46d300000) (1024K)]
  0x000002a91b6ede90 JavaThread "Monitor Deflation Thread"   daemon [_thread_blocked, id=8912, stack(0x000000f46d300000,0x000000f46d400000) (1024K)]
=>0x000002a91b70b340 JavaThread "C2 CompilerThread0"         daemon [_thread_in_native, id=26028, stack(0x000000f46d400000,0x000000f46d500000) (1024K)]
  0x000002a91b70c400 JavaThread "C1 CompilerThread0"         daemon [_thread_blocked, id=28332, stack(0x000000f46d500000,0x000000f46d600000) (1024K)]
  0x000002a91b6ef480 JavaThread "Common-Cleaner"             daemon [_thread_blocked, id=15396, stack(0x000000f46d600000,0x000000f46d700000) (1024K)]
  0x000002a91b6ee5e0 JavaThread "Monitor Ctrl-Break"         daemon [_thread_in_native, id=14140, stack(0x000000f46d700000,0x000000f46d800000) (1024K)]
  0x000002a91b6efbd0 JavaThread "Notification Thread"        daemon [_thread_blocked, id=25996, stack(0x000000f46d800000,0x000000f46d900000) (1024K)]
  0x000002a91b6eed30 JavaThread "Thread-0"                          [_thread_blocked, id=11104, stack(0x000000f46d900000,0x000000f46da00000) (1024K)]
  0x000002a91b6ec8a0 JavaThread "restartedMain"                     [_thread_in_native, id=30676, stack(0x000000f46da00000,0x000000f46db00000) (1024K)]
  0x000002a961916b90 JavaThread "C2 CompilerThread1"         daemon [_thread_in_native, id=976, stack(0x000000f46db00000,0x000000f46dc00000) (1024K)]
Total: 15

Other Threads:
  0x000002a97c79f5e0 VMThread "VM Thread"                           [id=37136, stack(0x000000f46cd00000,0x000000f46ce00000) (1024K)]
  0x000002a97c6582c0 WatcherThread "VM Periodic Task Thread"        [id=20436, stack(0x000000f46cc00000,0x000000f46cd00000) (1024K)]
  0x000002a97af2f730 WorkerThread "GC Thread#0"                     [id=28496, stack(0x000000f46c700000,0x000000f46c800000) (1024K)]
  0x000002a97af41240 ConcurrentGCThread "G1 Main Marker"            [id=37188, stack(0x000000f46c800000,0x000000f46c900000) (1024K)]
  0x000002a97c5f2b80 WorkerThread "G1 Conc#0"                       [id=36640, stack(0x000000f46c900000,0x000000f46ca00000) (1024K)]
  0x000002a97c6500d0 ConcurrentGCThread "G1 Refine#0"               [id=27136, stack(0x000000f46ca00000,0x000000f46cb00000) (1024K)]
  0x000002a97c650900 ConcurrentGCThread "G1 Service"                [id=24400, stack(0x000000f46cb00000,0x000000f46cc00000) (1024K)]
Total: 7

Threads with active compile tasks:
C2 CompilerThread0  4112 1239   !   4       java.util.zip.ZipFile::getMetaInfVersions (44 bytes)
C2 CompilerThread1  4112 1317       4       java.util.HashMap::put (13 bytes)
Total: 2

VM state: not at safepoint (normal execution)

VM Mutex/Monitor currently owned by a thread: None

Heap address: 0x0000000704e00000, size: 4018 MB, Compressed Oops mode: Zero based, Oop shift amount: 3

CDS archive(s) mapped at: [0x000002a91c000000-0x000002a91cd40000-0x000002a91cd40000), size 13893632, SharedBaseAddress: 0x000002a91c000000, ArchiveRelocationMode: 1.
Compressed class space mapped at: 0x000002a91d000000-0x000002a95d000000, reserved size: 1073741824
UseCompressedClassPointers 1, UseCompactObjectHeaders 0
Narrow klass pointer bits 32, Max shift 3
Narrow klass base: 0x000002a91c000000, Narrow klass shift: 0
Encoding Range: [0x000002a91c000000 - 0x000002aa1c000000), (4294967296 bytes)
Klass Range:    [0x000002a91c000000 - 0x000002a95d000000), (1090519040 bytes)
Klass ID Range:  [8 - 1090519033) (1090519025)

GC Precious Log:
 CardTable entry size: 512
 Card Set container configuration: InlinePtr #cards 4 size 8 Array Of Cards #cards 16 size 48 Howl #buckets 8 coarsen threshold 3686 Howl Bitmap #cards 512 size 80 coarsen threshold 460 Card regions per heap region 1 cards per card region 4096
 CPUs: 12 total, 12 available
 Memory: 16068M
 Large Page Support: Disabled
 NUMA Support: Disabled
 Compressed Oops: Enabled (Zero based)
 Heap Region Size: 2M
 Heap Min Capacity: 8M
 Heap Initial Capacity: 252M
 Heap Max Capacity: 4018M
 Pre-touch: Disabled
 Parallel Workers: 10
 Concurrent Workers: 3
 Concurrent Refinement Workers: 10
 Periodic GC: Disabled

Heap:
 garbage-first heap   total reserved 4114432K, committed 260096K, used 25712K [0x0000000704e00000, 0x0000000800000000)
  region size 2048K, 14 young (28672K), 0 survivors (0K)
 Metaspace       used 6305K, committed 6464K, reserved 1114112K
  class space    used 585K, committed 640K, reserved 1048576K

Heap Regions: E=young(eden), S=young(survivor), O=old, HS=humongous(starts), HC=humongous(continues), CS=collection set, F=free, TAMS=top-at-mark-start, PB=parsable bottom
|   0|0x0000000704e00000, 0x0000000704e00000, 0x0000000705000000|  0%| F|  |TAMS 0x0000000704e00000| PB 0x0000000704e00000| Untracked |  0
|   1|0x0000000705000000, 0x0000000705000000, 0x0000000705200000|  0%| F|  |TAMS 0x0000000705000000| PB 0x0000000705000000| Untracked |  0
|   2|0x0000000705200000, 0x0000000705200000, 0x0000000705400000|  0%| F|  |TAMS 0x0000000705200000| PB 0x0000000705200000| Untracked |  0
|   3|0x0000000705400000, 0x0000000705400000, 0x0000000705600000|  0%| F|  |TAMS 0x0000000705400000| PB 0x0000000705400000| Untracked |  0
|   4|0x0000000705600000, 0x0000000705600000, 0x0000000705800000|  0%| F|  |TAMS 0x0000000705600000| PB 0x0000000705600000| Untracked |  0
|   5|0x0000000705800000, 0x0000000705800000, 0x0000000705a00000|  0%| F|  |TAMS 0x0000000705800000| PB 0x0000000705800000| Untracked |  0
|   6|0x0000000705a00000, 0x0000000705a00000, 0x0000000705c00000|  0%| F|  |TAMS 0x0000000705a00000| PB 0x0000000705a00000| Untracked |  0
|   7|0x0000000705c00000, 0x0000000705c00000, 0x0000000705e00000|  0%| F|  |TAMS 0x0000000705c00000| PB 0x0000000705c00000| Untracked |  0
|   8|0x0000000705e00000, 0x0000000705e00000, 0x0000000706000000|  0%| F|  |TAMS 0x0000000705e00000| PB 0x0000000705e00000| Untracked |  0
|   9|0x0000000706000000, 0x0000000706000000, 0x0000000706200000|  0%| F|  |TAMS 0x0000000706000000| PB 0x0000000706000000| Untracked |  0
|  10|0x0000000706200000, 0x0000000706200000, 0x0000000706400000|  0%| F|  |TAMS 0x0000000706200000| PB 0x0000000706200000| Untracked |  0
|  11|0x0000000706400000, 0x0000000706400000, 0x0000000706600000|  0%| F|  |TAMS 0x0000000706400000| PB 0x0000000706400000| Untracked |  0
|  12|0x0000000706600000, 0x0000000706600000, 0x0000000706800000|  0%| F|  |TAMS 0x0000000706600000| PB 0x0000000706600000| Untracked |  0
|  13|0x0000000706800000, 0x0000000706800000, 0x0000000706a00000|  0%| F|  |TAMS 0x0000000706800000| PB 0x0000000706800000| Untracked |  0
|  14|0x0000000706a00000, 0x0000000706a00000, 0x0000000706c00000|  0%| F|  |TAMS 0x0000000706a00000| PB 0x0000000706a00000| Untracked |  0
|  15|0x0000000706c00000, 0x0000000706c00000, 0x0000000706e00000|  0%| F|  |TAMS 0x0000000706c00000| PB 0x0000000706c00000| Untracked |  0
|  16|0x0000000706e00000, 0x0000000706e00000, 0x0000000707000000|  0%| F|  |TAMS 0x0000000706e00000| PB 0x0000000706e00000| Untracked |  0
|  17|0x0000000707000000, 0x0000000707000000, 0x0000000707200000|  0%| F|  |TAMS 0x0000000707000000| PB 0x0000000707000000| Untracked |  0
|  18|0x0000000707200000, 0x0000000707200000, 0x0000000707400000|  0%| F|  |TAMS 0x0000000707200000| PB 0x0000000707200000| Untracked |  0
|  19|0x0000000707400000, 0x0000000707400000, 0x0000000707600000|  0%| F|  |TAMS 0x0000000707400000| PB 0x0000000707400000| Untracked |  0
|  20|0x0000000707600000, 0x0000000707600000, 0x0000000707800000|  0%| F|  |TAMS 0x0000000707600000| PB 0x0000000707600000| Untracked |  0
|  21|0x0000000707800000, 0x0000000707800000, 0x0000000707a00000|  0%| F|  |TAMS 0x0000000707800000| PB 0x0000000707800000| Untracked |  0
|  22|0x0000000707a00000, 0x0000000707a00000, 0x0000000707c00000|  0%| F|  |TAMS 0x0000000707a00000| PB 0x0000000707a00000| Untracked |  0
|  23|0x0000000707c00000, 0x0000000707c00000, 0x0000000707e00000|  0%| F|  |TAMS 0x0000000707c00000| PB 0x0000000707c00000| Untracked |  0
|  24|0x0000000707e00000, 0x0000000707e00000, 0x0000000708000000|  0%| F|  |TAMS 0x0000000707e00000| PB 0x0000000707e00000| Untracked |  0
|  25|0x0000000708000000, 0x0000000708000000, 0x0000000708200000|  0%| F|  |TAMS 0x0000000708000000| PB 0x0000000708000000| Untracked |  0
|  26|0x0000000708200000, 0x0000000708200000, 0x0000000708400000|  0%| F|  |TAMS 0x0000000708200000| PB 0x0000000708200000| Untracked |  0
|  27|0x0000000708400000, 0x0000000708400000, 0x0000000708600000|  0%| F|  |TAMS 0x0000000708400000| PB 0x0000000708400000| Untracked |  0
|  28|0x0000000708600000, 0x0000000708600000, 0x0000000708800000|  0%| F|  |TAMS 0x0000000708600000| PB 0x0000000708600000| Untracked |  0
|  29|0x0000000708800000, 0x0000000708800000, 0x0000000708a00000|  0%| F|  |TAMS 0x0000000708800000| PB 0x0000000708800000| Untracked |  0
|  30|0x0000000708a00000, 0x0000000708a00000, 0x0000000708c00000|  0%| F|  |TAMS 0x0000000708a00000| PB 0x0000000708a00000| Untracked |  0
|  31|0x0000000708c00000, 0x0000000708c00000, 0x0000000708e00000|  0%| F|  |TAMS 0x0000000708c00000| PB 0x0000000708c00000| Untracked |  0
|  32|0x0000000708e00000, 0x0000000708e00000, 0x0000000709000000|  0%| F|  |TAMS 0x0000000708e00000| PB 0x0000000708e00000| Untracked |  0
|  33|0x0000000709000000, 0x0000000709000000, 0x0000000709200000|  0%| F|  |TAMS 0x0000000709000000| PB 0x0000000709000000| Untracked |  0
|  34|0x0000000709200000, 0x0000000709200000, 0x0000000709400000|  0%| F|  |TAMS 0x0000000709200000| PB 0x0000000709200000| Untracked |  0
|  35|0x0000000709400000, 0x0000000709400000, 0x0000000709600000|  0%| F|  |TAMS 0x0000000709400000| PB 0x0000000709400000| Untracked |  0
|  36|0x0000000709600000, 0x0000000709600000, 0x0000000709800000|  0%| F|  |TAMS 0x0000000709600000| PB 0x0000000709600000| Untracked |  0
|  37|0x0000000709800000, 0x0000000709800000, 0x0000000709a00000|  0%| F|  |TAMS 0x0000000709800000| PB 0x0000000709800000| Untracked |  0
|  38|0x0000000709a00000, 0x0000000709a00000, 0x0000000709c00000|  0%| F|  |TAMS 0x0000000709a00000| PB 0x0000000709a00000| Untracked |  0
|  39|0x0000000709c00000, 0x0000000709c00000, 0x0000000709e00000|  0%| F|  |TAMS 0x0000000709c00000| PB 0x0000000709c00000| Untracked |  0
|  40|0x0000000709e00000, 0x0000000709e00000, 0x000000070a000000|  0%| F|  |TAMS 0x0000000709e00000| PB 0x0000000709e00000| Untracked |  0
|  41|0x000000070a000000, 0x000000070a000000, 0x000000070a200000|  0%| F|  |TAMS 0x000000070a000000| PB 0x000000070a000000| Untracked |  0
|  42|0x000000070a200000, 0x000000070a200000, 0x000000070a400000|  0%| F|  |TAMS 0x000000070a200000| PB 0x000000070a200000| Untracked |  0
|  43|0x000000070a400000, 0x000000070a400000, 0x000000070a600000|  0%| F|  |TAMS 0x000000070a400000| PB 0x000000070a400000| Untracked |  0
|  44|0x000000070a600000, 0x000000070a600000, 0x000000070a800000|  0%| F|  |TAMS 0x000000070a600000| PB 0x000000070a600000| Untracked |  0
|  45|0x000000070a800000, 0x000000070a800000, 0x000000070aa00000|  0%| F|  |TAMS 0x000000070a800000| PB 0x000000070a800000| Untracked |  0
|  46|0x000000070aa00000, 0x000000070aa00000, 0x000000070ac00000|  0%| F|  |TAMS 0x000000070aa00000| PB 0x000000070aa00000| Untracked |  0
|  47|0x000000070ac00000, 0x000000070ac00000, 0x000000070ae00000|  0%| F|  |TAMS 0x000000070ac00000| PB 0x000000070ac00000| Untracked |  0
|  48|0x000000070ae00000, 0x000000070ae00000, 0x000000070b000000|  0%| F|  |TAMS 0x000000070ae00000| PB 0x000000070ae00000| Untracked |  0
|  49|0x000000070b000000, 0x000000070b000000, 0x000000070b200000|  0%| F|  |TAMS 0x000000070b000000| PB 0x000000070b000000| Untracked |  0
|  50|0x000000070b200000, 0x000000070b200000, 0x000000070b400000|  0%| F|  |TAMS 0x000000070b200000| PB 0x000000070b200000| Untracked |  0
|  51|0x000000070b400000, 0x000000070b400000, 0x000000070b600000|  0%| F|  |TAMS 0x000000070b400000| PB 0x000000070b400000| Untracked |  0
|  52|0x000000070b600000, 0x000000070b600000, 0x000000070b800000|  0%| F|  |TAMS 0x000000070b600000| PB 0x000000070b600000| Untracked |  0
|  53|0x000000070b800000, 0x000000070b800000, 0x000000070ba00000|  0%| F|  |TAMS 0x000000070b800000| PB 0x000000070b800000| Untracked |  0
|  54|0x000000070ba00000, 0x000000070ba00000, 0x000000070bc00000|  0%| F|  |TAMS 0x000000070ba00000| PB 0x000000070ba00000| Untracked |  0
|  55|0x000000070bc00000, 0x000000070bc00000, 0x000000070be00000|  0%| F|  |TAMS 0x000000070bc00000| PB 0x000000070bc00000| Untracked |  0
|  56|0x000000070be00000, 0x000000070be00000, 0x000000070c000000|  0%| F|  |TAMS 0x000000070be00000| PB 0x000000070be00000| Untracked |  0
|  57|0x000000070c000000, 0x000000070c000000, 0x000000070c200000|  0%| F|  |TAMS 0x000000070c000000| PB 0x000000070c000000| Untracked |  0
|  58|0x000000070c200000, 0x000000070c200000, 0x000000070c400000|  0%| F|  |TAMS 0x000000070c200000| PB 0x000000070c200000| Untracked |  0
|  59|0x000000070c400000, 0x000000070c400000, 0x000000070c600000|  0%| F|  |TAMS 0x000000070c400000| PB 0x000000070c400000| Untracked |  0
|  60|0x000000070c600000, 0x000000070c600000, 0x000000070c800000|  0%| F|  |TAMS 0x000000070c600000| PB 0x000000070c600000| Untracked |  0
|  61|0x000000070c800000, 0x000000070c800000, 0x000000070ca00000|  0%| F|  |TAMS 0x000000070c800000| PB 0x000000070c800000| Untracked |  0
|  62|0x000000070ca00000, 0x000000070ca00000, 0x000000070cc00000|  0%| F|  |TAMS 0x000000070ca00000| PB 0x000000070ca00000| Untracked |  0
|  63|0x000000070cc00000, 0x000000070cc00000, 0x000000070ce00000|  0%| F|  |TAMS 0x000000070cc00000| PB 0x000000070cc00000| Untracked |  0
|  64|0x000000070ce00000, 0x000000070ce00000, 0x000000070d000000|  0%| F|  |TAMS 0x000000070ce00000| PB 0x000000070ce00000| Untracked |  0
|  65|0x000000070d000000, 0x000000070d000000, 0x000000070d200000|  0%| F|  |TAMS 0x000000070d000000| PB 0x000000070d000000| Untracked |  0
|  66|0x000000070d200000, 0x000000070d200000, 0x000000070d400000|  0%| F|  |TAMS 0x000000070d200000| PB 0x000000070d200000| Untracked |  0
|  67|0x000000070d400000, 0x000000070d400000, 0x000000070d600000|  0%| F|  |TAMS 0x000000070d400000| PB 0x000000070d400000| Untracked |  0
|  68|0x000000070d600000, 0x000000070d600000, 0x000000070d800000|  0%| F|  |TAMS 0x000000070d600000| PB 0x000000070d600000| Untracked |  0
|  69|0x000000070d800000, 0x000000070d800000, 0x000000070da00000|  0%| F|  |TAMS 0x000000070d800000| PB 0x000000070d800000| Untracked |  0
|  70|0x000000070da00000, 0x000000070da00000, 0x000000070dc00000|  0%| F|  |TAMS 0x000000070da00000| PB 0x000000070da00000| Untracked |  0
|  71|0x000000070dc00000, 0x000000070dc00000, 0x000000070de00000|  0%| F|  |TAMS 0x000000070dc00000| PB 0x000000070dc00000| Untracked |  0
|  72|0x000000070de00000, 0x000000070de00000, 0x000000070e000000|  0%| F|  |TAMS 0x000000070de00000| PB 0x000000070de00000| Untracked |  0
|  73|0x000000070e000000, 0x000000070e000000, 0x000000070e200000|  0%| F|  |TAMS 0x000000070e000000| PB 0x000000070e000000| Untracked |  0
|  74|0x000000070e200000, 0x000000070e200000, 0x000000070e400000|  0%| F|  |TAMS 0x000000070e200000| PB 0x000000070e200000| Untracked |  0
|  75|0x000000070e400000, 0x000000070e400000, 0x000000070e600000|  0%| F|  |TAMS 0x000000070e400000| PB 0x000000070e400000| Untracked |  0
|  76|0x000000070e600000, 0x000000070e600000, 0x000000070e800000|  0%| F|  |TAMS 0x000000070e600000| PB 0x000000070e600000| Untracked |  0
|  77|0x000000070e800000, 0x000000070e800000, 0x000000070ea00000|  0%| F|  |TAMS 0x000000070e800000| PB 0x000000070e800000| Untracked |  0
|  78|0x000000070ea00000, 0x000000070ea00000, 0x000000070ec00000|  0%| F|  |TAMS 0x000000070ea00000| PB 0x000000070ea00000| Untracked |  0
|  79|0x000000070ec00000, 0x000000070ec00000, 0x000000070ee00000|  0%| F|  |TAMS 0x000000070ec00000| PB 0x000000070ec00000| Untracked |  0
|  80|0x000000070ee00000, 0x000000070ee00000, 0x000000070f000000|  0%| F|  |TAMS 0x000000070ee00000| PB 0x000000070ee00000| Untracked |  0
|  81|0x000000070f000000, 0x000000070f000000, 0x000000070f200000|  0%| F|  |TAMS 0x000000070f000000| PB 0x000000070f000000| Untracked |  0
|  82|0x000000070f200000, 0x000000070f200000, 0x000000070f400000|  0%| F|  |TAMS 0x000000070f200000| PB 0x000000070f200000| Untracked |  0
|  83|0x000000070f400000, 0x000000070f400000, 0x000000070f600000|  0%| F|  |TAMS 0x000000070f400000| PB 0x000000070f400000| Untracked |  0
|  84|0x000000070f600000, 0x000000070f600000, 0x000000070f800000|  0%| F|  |TAMS 0x000000070f600000| PB 0x000000070f600000| Untracked |  0
|  85|0x000000070f800000, 0x000000070f800000, 0x000000070fa00000|  0%| F|  |TAMS 0x000000070f800000| PB 0x000000070f800000| Untracked |  0
|  86|0x000000070fa00000, 0x000000070fa00000, 0x000000070fc00000|  0%| F|  |TAMS 0x000000070fa00000| PB 0x000000070fa00000| Untracked |  0
|  87|0x000000070fc00000, 0x000000070fc00000, 0x000000070fe00000|  0%| F|  |TAMS 0x000000070fc00000| PB 0x000000070fc00000| Untracked |  0
|  88|0x000000070fe00000, 0x000000070fe00000, 0x0000000710000000|  0%| F|  |TAMS 0x000000070fe00000| PB 0x000000070fe00000| Untracked |  0
|  89|0x0000000710000000, 0x0000000710000000, 0x0000000710200000|  0%| F|  |TAMS 0x0000000710000000| PB 0x0000000710000000| Untracked |  0
|  90|0x0000000710200000, 0x0000000710200000, 0x0000000710400000|  0%| F|  |TAMS 0x0000000710200000| PB 0x0000000710200000| Untracked |  0
|  91|0x0000000710400000, 0x0000000710400000, 0x0000000710600000|  0%| F|  |TAMS 0x0000000710400000| PB 0x0000000710400000| Untracked |  0
|  92|0x0000000710600000, 0x0000000710600000, 0x0000000710800000|  0%| F|  |TAMS 0x0000000710600000| PB 0x0000000710600000| Untracked |  0
|  93|0x0000000710800000, 0x0000000710800000, 0x0000000710a00000|  0%| F|  |TAMS 0x0000000710800000| PB 0x0000000710800000| Untracked |  0
|  94|0x0000000710a00000, 0x0000000710a00000, 0x0000000710c00000|  0%| F|  |TAMS 0x0000000710a00000| PB 0x0000000710a00000| Untracked |  0
|  95|0x0000000710c00000, 0x0000000710c00000, 0x0000000710e00000|  0%| F|  |TAMS 0x0000000710c00000| PB 0x0000000710c00000| Untracked |  0
|  96|0x0000000710e00000, 0x0000000710e00000, 0x0000000711000000|  0%| F|  |TAMS 0x0000000710e00000| PB 0x0000000710e00000| Untracked |  0
|  97|0x0000000711000000, 0x0000000711000000, 0x0000000711200000|  0%| F|  |TAMS 0x0000000711000000| PB 0x0000000711000000| Untracked |  0
|  98|0x0000000711200000, 0x0000000711200000, 0x0000000711400000|  0%| F|  |TAMS 0x0000000711200000| PB 0x0000000711200000| Untracked |  0
|  99|0x0000000711400000, 0x0000000711400000, 0x0000000711600000|  0%| F|  |TAMS 0x0000000711400000| PB 0x0000000711400000| Untracked |  0
| 100|0x0000000711600000, 0x0000000711600000, 0x0000000711800000|  0%| F|  |TAMS 0x0000000711600000| PB 0x0000000711600000| Untracked |  0
| 101|0x0000000711800000, 0x0000000711800000, 0x0000000711a00000|  0%| F|  |TAMS 0x0000000711800000| PB 0x0000000711800000| Untracked |  0
| 102|0x0000000711a00000, 0x0000000711a00000, 0x0000000711c00000|  0%| F|  |TAMS 0x0000000711a00000| PB 0x0000000711a00000| Untracked |  0
| 103|0x0000000711c00000, 0x0000000711c00000, 0x0000000711e00000|  0%| F|  |TAMS 0x0000000711c00000| PB 0x0000000711c00000| Untracked |  0
| 104|0x0000000711e00000, 0x0000000711e00000, 0x0000000712000000|  0%| F|  |TAMS 0x0000000711e00000| PB 0x0000000711e00000| Untracked |  0
| 105|0x0000000712000000, 0x0000000712000000, 0x0000000712200000|  0%| F|  |TAMS 0x0000000712000000| PB 0x0000000712000000| Untracked |  0
| 106|0x0000000712200000, 0x0000000712200000, 0x0000000712400000|  0%| F|  |TAMS 0x0000000712200000| PB 0x0000000712200000| Untracked |  0
| 107|0x0000000712400000, 0x0000000712400000, 0x0000000712600000|  0%| F|  |TAMS 0x0000000712400000| PB 0x0000000712400000| Untracked |  0
| 108|0x0000000712600000, 0x0000000712600000, 0x0000000712800000|  0%| F|  |TAMS 0x0000000712600000| PB 0x0000000712600000| Untracked |  0
| 109|0x0000000712800000, 0x0000000712800000, 0x0000000712a00000|  0%| F|  |TAMS 0x0000000712800000| PB 0x0000000712800000| Untracked |  0
| 110|0x0000000712a00000, 0x0000000712a00000, 0x0000000712c00000|  0%| F|  |TAMS 0x0000000712a00000| PB 0x0000000712a00000| Untracked |  0
| 111|0x0000000712c00000, 0x0000000712c00000, 0x0000000712e00000|  0%| F|  |TAMS 0x0000000712c00000| PB 0x0000000712c00000| Untracked |  0
| 112|0x0000000712e00000, 0x0000000712fec860, 0x0000000713000000| 96%| E|  |TAMS 0x0000000712e00000| PB 0x0000000712e00000| Complete |  0
| 113|0x0000000713000000, 0x0000000713200000, 0x0000000713200000|100%| E|CS|TAMS 0x0000000713000000| PB 0x0000000713000000| Complete |  0
| 114|0x0000000713200000, 0x0000000713400000, 0x0000000713400000|100%| E|CS|TAMS 0x0000000713200000| PB 0x0000000713200000| Complete |  0
| 115|0x0000000713400000, 0x0000000713600000, 0x0000000713600000|100%| E|CS|TAMS 0x0000000713400000| PB 0x0000000713400000| Complete |  0
| 116|0x0000000713600000, 0x0000000713800000, 0x0000000713800000|100%| E|  |TAMS 0x0000000713600000| PB 0x0000000713600000| Complete |  0
| 117|0x0000000713800000, 0x0000000713a00000, 0x0000000713a00000|100%| E|CS|TAMS 0x0000000713800000| PB 0x0000000713800000| Complete |  0
| 118|0x0000000713a00000, 0x0000000713c00000, 0x0000000713c00000|100%| E|CS|TAMS 0x0000000713a00000| PB 0x0000000713a00000| Complete |  0
| 119|0x0000000713c00000, 0x0000000713e00000, 0x0000000713e00000|100%| E|CS|TAMS 0x0000000713c00000| PB 0x0000000713c00000| Complete |  0
| 120|0x0000000713e00000, 0x0000000714000000, 0x0000000714000000|100%| E|CS|TAMS 0x0000000713e00000| PB 0x0000000713e00000| Complete |  0
| 121|0x0000000714000000, 0x0000000714200000, 0x0000000714200000|100%| E|CS|TAMS 0x0000000714000000| PB 0x0000000714000000| Complete |  0
| 122|0x0000000714200000, 0x0000000714400000, 0x0000000714400000|100%| E|CS|TAMS 0x0000000714200000| PB 0x0000000714200000| Complete |  0
| 123|0x0000000714400000, 0x0000000714600000, 0x0000000714600000|100%| E|CS|TAMS 0x0000000714400000| PB 0x0000000714400000| Complete |  0
| 124|0x0000000714600000, 0x0000000714800000, 0x0000000714800000|100%| E|CS|TAMS 0x0000000714600000| PB 0x0000000714600000| Complete |  0
| 125|0x0000000714800000, 0x0000000714a00000, 0x0000000714a00000|100%| E|CS|TAMS 0x0000000714800000| PB 0x0000000714800000| Complete |  0
|2008|0x00000007ffe00000, 0x00000007fff1c348, 0x0000000800000000| 55%| O|  |TAMS 0x00000007ffe00000| PB 0x00000007ffe00000| Untracked |  0

Card table byte_map: [0x000002a97bdd0000,0x000002a97c5b0000] _byte_map_base: 0x000002a9785a9000

Marking Bits: (CMBitMap*) 0x000002a97af2fd50
 Bits: [0x000002a9177e0000, 0x000002a91b6a8000)

Polling page: 0x000002a978ad0000

Metaspace:

Usage:
  Non-class:      5.60 MB used.
      Class:    586.97 KB used.
       Both:      6.18 MB used.

Virtual space:
  Non-class space:       64.00 MB reserved,       5.69 MB (  9%) committed,  1 nodes.
      Class space:        1.00 GB reserved,     640.00 KB ( <1%) committed,  1 nodes.
             Both:        1.06 GB reserved,       6.31 MB ( <1%) committed. 

Chunk freelists:
   Non-Class:  9.19 MB
       Class:  15.38 MB
        Both:  24.57 MB

MaxMetaspaceSize: unlimited
CompressedClassSpaceSize: 1.00 GB
Initial GC threshold: 21.00 MB
Current GC threshold: 21.00 MB
CDS: on
 - commit_granule_bytes: 65536.
 - commit_granule_words: 8192.
 - virtual_space_node_default_size: 8388608.
 - enlarge_chunks_in_place: 1.
UseCompressedClassPointers 1, UseCompactObjectHeaders 0
Narrow klass pointer bits 32, Max shift 3
Narrow klass base: 0x000002a91c000000, Narrow klass shift: 0
Encoding Range: [0x000002a91c000000 - 0x000002aa1c000000), (4294967296 bytes)
Klass Range:    [0x000002a91c000000 - 0x000002a95d000000), (1090519040 bytes)
Klass ID Range:  [8 - 1090519033) (1090519025)


Internal statistics:

num_allocs_failed_limit: 0.
num_arena_births: 96.
num_arena_deaths: 0.
num_vsnodes_births: 2.
num_vsnodes_deaths: 0.
num_space_committed: 101.
num_space_uncommitted: 0.
num_chunks_returned_to_freelist: 0.
num_chunks_taken_from_freelist: 264.
num_chunk_merges: 0.
num_chunk_splits: 162.
num_chunks_enlarged: 117.
num_inconsistent_stats: 0.

CodeHeap 'non-profiled nmethods': size=120064Kb used=402Kb max_used=402Kb free=119661Kb
 bounds [0x000002a9102a0000, 0x000002a910510000, 0x000002a9177e0000]
CodeHeap 'profiled nmethods': size=120000Kb used=1968Kb max_used=1968Kb free=118031Kb
 bounds [0x000002a9087e0000, 0x000002a908a50000, 0x000002a90fd10000]
CodeHeap 'non-nmethods': size=5696Kb used=1297Kb max_used=1327Kb free=4398Kb
 bounds [0x000002a90fd10000, 0x000002a90ff80000, 0x000002a9102a0000]
CodeCache: size=245760Kb, used=3667Kb, max_used=3697Kb, free=242090Kb
 total_blobs=1781, nmethods=1320, adapters=366, full_count=0
Compilation: enabled, stopped_count=0, restarted_count=0

Compilation events (20 events):
Event: 3.000 Thread 0x000002a91b70c400 1240       3       org.springframework.util.ConcurrentReferenceHashMap::getHash (64 bytes)
Event: 3.000 Thread 0x000002a91b70c400 nmethod 1240 0x000002a9089b0608 code [0x000002a9089b0720, 0x000002a9089b0980]
Event: 3.000 Thread 0x000002a91b70c400 1241       3       org.springframework.util.ConcurrentReferenceHashMap::getSegmentForHash (23 bytes)
Event: 3.001 Thread 0x000002a91b70c400 nmethod 1241 0x000002a9089b0a08 code [0x000002a9089b0b20, 0x000002a9089b0c70]
Event: 3.003 Thread 0x000002a91b70c400 1243       1       sun.reflect.generics.visitor.Reifier::getFactory (5 bytes)
Event: 3.003 Thread 0x000002a91b70c400 nmethod 1243 0x000002a9102fd108 code [0x000002a9102fd200, 0x000002a9102fd2c8]
Event: 3.004 Thread 0x000002a91b70c400 1244   !   3       org.springframework.util.ConcurrentReferenceHashMap$Segment::clear (69 bytes)
Event: 3.005 Thread 0x000002a91b70c400 nmethod 1244 0x000002a9089b0d08 code [0x000002a9089b0ee0, 0x000002a9089b1d98]
Event: 3.006 Thread 0x000002a91b70c400 1245       1       org.springframework.core.ResolvableType::resolve (5 bytes)
Event: 3.007 Thread 0x000002a91b70c400 nmethod 1245 0x000002a9102fd408 code [0x000002a9102fd500, 0x000002a9102fd5c8]
Event: 3.009 Thread 0x000002a91b70c400 1246       3       org.springframework.util.ConcurrentReferenceHashMap$Task::hasOption (9 bytes)
Event: 3.009 Thread 0x000002a91b70c400 nmethod 1246 0x000002a9089b1e08 code [0x000002a9089b1f20, 0x000002a9089b2080]
Event: 3.010 Thread 0x000002a91b70c400 1247       3       java.security.CodeSource::<init> (52 bytes)
Event: 3.011 Thread 0x000002a91b70c400 nmethod 1247 0x000002a9089b2108 code [0x000002a9089b2260, 0x000002a9089b2778]
Event: 3.011 Thread 0x000002a91b70c400 1248       3       java.security.SecureClassLoader::defineClass (16 bytes)
Event: 3.011 Thread 0x000002a91b70c400 nmethod 1248 0x000002a9089b2808 code [0x000002a9089b2940, 0x000002a9089b2b68]
Event: 3.011 Thread 0x000002a91b70c400 1249       1       sun.reflect.generics.tree.SimpleClassTypeSignature::getTypeArguments (5 bytes)
Event: 3.011 Thread 0x000002a91b70c400 nmethod 1249 0x000002a9102fd708 code [0x000002a9102fd800, 0x000002a9102fd8c8]
Event: 4.018 Thread 0x000002a91b70c400 1251       1       java.util.Collections$1::hasNext (5 bytes)
Event: 4.018 Thread 0x000002a91b70c400 nmethod 1251 0x000002a9102fda08 code [0x000002a9102fdb00, 0x000002a9102fdbc8]

GC Heap History (0 events):
No events

Dll operation events (11 events):
Event: 0.031 Loaded shared library C:\Users\penei\.jdks\openjdk-24\bin\java.dll
Event: 0.109 Loaded shared library C:\Users\penei\.jdks\openjdk-24\bin\jsvml.dll
Event: 0.759 Loaded shared library C:\Users\penei\.jdks\openjdk-24\bin\zip.dll
Event: 0.770 Loaded shared library C:\Users\penei\.jdks\openjdk-24\bin\instrument.dll
Event: 0.790 Loaded shared library C:\Users\penei\.jdks\openjdk-24\bin\net.dll
Event: 0.798 Loaded shared library C:\Users\penei\.jdks\openjdk-24\bin\nio.dll
Event: 0.811 Loaded shared library C:\Users\penei\.jdks\openjdk-24\bin\zip.dll
Event: 1.360 Loaded shared library C:\Users\penei\.jdks\openjdk-24\bin\extnet.dll
Event: 1.524 Loaded shared library C:\Users\penei\.jdks\openjdk-24\bin\jimage.dll
Event: 2.532 Loaded shared library C:\Users\penei\.jdks\openjdk-24\bin\management.dll
Event: 2.539 Loaded shared library C:\Users\penei\.jdks\openjdk-24\bin\management_ext.dll

Deoptimization events (20 events):
Event: 2.951 Thread 0x000002a91b6ec8a0 DEOPT PACKING pc=0x000002a9102ed558 sp=0x000000f46dafdf40
Event: 2.951 Thread 0x000002a91b6ec8a0 DEOPT UNPACKING pc=0x000002a90fe25802 sp=0x000000f46dafde40 mode 2
Event: 2.951 Thread 0x000002a91b6ec8a0 Uncommon trap: trap_request=0xffffffc6 fr.pc=0x000002a9102ed558 relative=0x0000000000000918
Event: 2.951 Thread 0x000002a91b6ec8a0 Uncommon trap: reason=bimorphic_or_optimized_type_check action=maybe_recompile pc=0x000002a9102ed558 method=java.util.HashMap.putVal(ILjava/lang/Object;Ljava/lang/Object;ZZ)Ljava/lang/Object; @ 56 c2
Event: 2.951 Thread 0x000002a91b6ec8a0 DEOPT PACKING pc=0x000002a9102ed558 sp=0x000000f46dafdf40
Event: 2.951 Thread 0x000002a91b6ec8a0 DEOPT UNPACKING pc=0x000002a90fe25802 sp=0x000000f46dafde40 mode 2
Event: 2.951 Thread 0x000002a91b6ec8a0 Uncommon trap: trap_request=0xffffffc6 fr.pc=0x000002a9102ed558 relative=0x0000000000000918
Event: 2.951 Thread 0x000002a91b6ec8a0 Uncommon trap: reason=bimorphic_or_optimized_type_check action=maybe_recompile pc=0x000002a9102ed558 method=java.util.HashMap.putVal(ILjava/lang/Object;Ljava/lang/Object;ZZ)Ljava/lang/Object; @ 56 c2
Event: 2.951 Thread 0x000002a91b6ec8a0 DEOPT PACKING pc=0x000002a9102ed558 sp=0x000000f46dafdf40
Event: 2.951 Thread 0x000002a91b6ec8a0 DEOPT UNPACKING pc=0x000002a90fe25802 sp=0x000000f46dafde40 mode 2
Event: 2.951 Thread 0x000002a91b6ec8a0 Uncommon trap: trap_request=0xffffffc6 fr.pc=0x000002a9102ed5a0 relative=0x0000000000000960
Event: 2.951 Thread 0x000002a91b6ec8a0 Uncommon trap: reason=bimorphic_or_optimized_type_check action=maybe_recompile pc=0x000002a9102ed5a0 method=java.util.HashMap.putVal(ILjava/lang/Object;Ljava/lang/Object;ZZ)Ljava/lang/Object; @ 152 c2
Event: 2.951 Thread 0x000002a91b6ec8a0 DEOPT PACKING pc=0x000002a9102ed5a0 sp=0x000000f46dafdf40
Event: 2.951 Thread 0x000002a91b6ec8a0 DEOPT UNPACKING pc=0x000002a90fe25802 sp=0x000000f46dafde48 mode 2
Event: 2.951 Thread 0x000002a91b6ec8a0 Uncommon trap: trap_request=0xffffffc6 fr.pc=0x000002a9102ed558 relative=0x0000000000000918
Event: 2.951 Thread 0x000002a91b6ec8a0 Uncommon trap: reason=bimorphic_or_optimized_type_check action=maybe_recompile pc=0x000002a9102ed558 method=java.util.HashMap.putVal(ILjava/lang/Object;Ljava/lang/Object;ZZ)Ljava/lang/Object; @ 56 c2
Event: 2.951 Thread 0x000002a91b6ec8a0 DEOPT PACKING pc=0x000002a9102ed558 sp=0x000000f46dafdf40
Event: 2.951 Thread 0x000002a91b6ec8a0 DEOPT UNPACKING pc=0x000002a90fe25802 sp=0x000000f46dafde40 mode 2
Event: 3.013 Thread 0x000002a91b6ec8a0 DEOPT PACKING pc=0x000002a908864cf0 sp=0x000000f46dafe280
Event: 3.013 Thread 0x000002a91b6ec8a0 DEOPT UNPACKING pc=0x000002a90fd65722 sp=0x000000f46dafd788 mode 0

Classes loaded (20 events):
Event: 2.952 Loading class java/lang/ProcessEnvironment$CheckedEntrySet$1
Event: 2.952 Loading class java/lang/ProcessEnvironment$CheckedEntrySet$1 done
Event: 2.952 Loading class java/lang/ProcessEnvironment$CheckedEntry
Event: 2.952 Loading class java/lang/ProcessEnvironment$CheckedEntry done
Event: 2.976 Loading class java/util/concurrent/CopyOnWriteArraySet
Event: 2.976 Loading class java/util/concurrent/CopyOnWriteArraySet done
Event: 2.988 Loading class java/util/concurrent/ConcurrentLinkedDeque
Event: 2.988 Loading class java/util/concurrent/ConcurrentLinkedDeque done
Event: 2.988 Loading class java/util/concurrent/ConcurrentLinkedDeque$Node
Event: 2.988 Loading class java/util/concurrent/ConcurrentLinkedDeque$Node done
Event: 2.998 Loading class sun/reflect/generics/tree/BottomSignature
Event: 2.999 Loading class sun/reflect/generics/tree/BottomSignature done
Event: 2.999 Loading class sun/reflect/generics/tree/Wildcard
Event: 2.999 Loading class sun/reflect/generics/tree/Wildcard done
Event: 2.999 Loading class sun/reflect/generics/reflectiveObjects/WildcardTypeImpl
Event: 2.999 Loading class sun/reflect/generics/reflectiveObjects/WildcardTypeImpl done
Event: 3.004 Loading class java/util/Currency
Event: 3.005 Loading class java/util/Currency done
Event: 3.010 Loading class java/util/UUID
Event: 3.010 Loading class java/util/UUID done

Classes unloaded (0 events):
No events

Classes redefined (0 events):
No events

Internal exceptions (19 events):
Event: 1.281 Thread 0x000002a978b2e0e0 Exception <a 'java/lang/NoSuchMethodError'{0x0000000714154cf8}: 'void java.lang.invoke.DirectMethodHandle$Holder.invokeStatic(java.lang.Object, java.lang.Object, java.lang.Object)'> (0x0000000714154cf8) 
thrown [s\open\src\hotspot\share\interpreter\linkResolver.cpp, line 805]
Event: 1.305 Thread 0x000002a978b2e0e0 Exception <a 'java/lang/NoSuchMethodError'{0x00000007141898b8}: 'java.lang.Object java.lang.invoke.Invokers$Holder.invokeExact_MT(java.lang.Object, java.lang.Object, java.lang.Object, java.lang.Object, java.lang.Object)'> (0x00000007141898b8) 
thrown [s\open\src\hotspot\share\interpreter\linkResolver.cpp, line 805]
Event: 1.351 Thread 0x000002a91b6ee5e0 Exception <a 'java/lang/NoSuchMethodError'{0x0000000713e05280}: 'java.lang.Object java.lang.invoke.DirectMethodHandle$Holder.invokeStaticInit(java.lang.Object)'> (0x0000000713e05280) 
thrown [s\open\src\hotspot\share\interpreter\linkResolver.cpp, line 805]
Event: 1.370 Thread 0x000002a91b6ee5e0 Exception <a 'java/lang/NoSuchMethodError'{0x0000000713e0fea0}: 'void java.lang.invoke.DirectMethodHandle$Holder.invokeStatic(java.lang.Object, java.lang.Object)'> (0x0000000713e0fea0) 
thrown [s\open\src\hotspot\share\interpreter\linkResolver.cpp, line 805]
Event: 1.680 Thread 0x000002a978b2e0e0 Exception <a 'java/lang/NoSuchMethodError'{0x0000000713c36830}: 'java.lang.Object java.lang.invoke.DelegatingMethodHandle$Holder.reinvoke_L(java.lang.Object, java.lang.Object, java.lang.Object, long, java.lang.Object)'> (0x0000000713c36830) 
thrown [s\open\src\hotspot\share\interpreter\linkResolver.cpp, line 805]
Event: 1.686 Thread 0x000002a978b2e0e0 Exception <a 'java/lang/NoSuchMethodError'{0x0000000713c46e68}: 'java.lang.Object java.lang.invoke.Invokers$Holder.linkToTargetMethod(java.lang.Object, long, java.lang.Object, java.lang.Object)'> (0x0000000713c46e68) 
thrown [s\open\src\hotspot\share\interpreter\linkResolver.cpp, line 805]
Event: 1.973 Thread 0x000002a978b2e0e0 Exception <a 'java/lang/NoSuchMethodError'{0x0000000713a00238}: 'void java.lang.invoke.DirectMethodHandle$Holder.invokeStatic(java.lang.Object, java.lang.Object, java.lang.Object, java.lang.Object)'> (0x0000000713a00238) 
thrown [s\open\src\hotspot\share\interpreter\linkResolver.cpp, line 805]
Event: 2.138 Thread 0x000002a978b2e0e0 Exception <a 'java/lang/NoSuchMethodError'{0x0000000713b43da0}: 'int java.lang.invoke.DirectMethodHandle$Holder.invokeStaticInit(java.lang.Object, java.lang.Object)'> (0x0000000713b43da0) 
thrown [s\open\src\hotspot\share\interpreter\linkResolver.cpp, line 805]
Event: 2.180 Thread 0x000002a978b2e0e0 Exception <a 'java/lang/NoSuchMethodError'{0x0000000713b7bfb8}: 'void java.lang.invoke.DirectMethodHandle$Holder.invokeInterface(java.lang.Object, java.lang.Object, java.lang.Object, java.lang.Object)'> (0x0000000713b7bfb8) 
thrown [s\open\src\hotspot\share\interpreter\linkResolver.cpp, line 805]
Event: 2.277 Thread 0x000002a978b2e0e0 Exception <a 'java/lang/NoSuchMethodError'{0x0000000713854fd8}: 'void java.lang.invoke.DirectMethodHandle$Holder.invokeSpecial(java.lang.Object, java.lang.Object, java.lang.Object)'> (0x0000000713854fd8) 
thrown [s\open\src\hotspot\share\interpreter\linkResolver.cpp, line 805]
Event: 2.401 Thread 0x000002a978b2e0e0 Exception <a 'java/lang/NoSuchMethodError'{0x0000000713992c78}: 'java.lang.Object java.lang.invoke.DirectMethodHandle$Holder.invokeInterface(java.lang.Object, java.lang.Object)'> (0x0000000713992c78) 
thrown [s\open\src\hotspot\share\interpreter\linkResolver.cpp, line 805]
Event: 2.430 Thread 0x000002a978b2e0e0 Exception <a 'java/lang/NoSuchMethodError'{0x00000007139e4040}: 'java.lang.Object java.lang.invoke.DirectMethodHandle$Holder.invokeSpecialIFC(java.lang.Object, java.lang.Object, java.lang.Object, java.lang.Object)'> (0x00000007139e4040) 
thrown [s\open\src\hotspot\share\interpreter\linkResolver.cpp, line 805]
Event: 2.443 Thread 0x000002a978b2e0e0 Exception <a 'java/lang/NoSuchMethodError'{0x0000000713604470}: 'java.lang.Object java.lang.invoke.DirectMethodHandle$Holder.invokeInterface(java.lang.Object, java.lang.Object, java.lang.Object)'> (0x0000000713604470) 
thrown [s\open\src\hotspot\share\interpreter\linkResolver.cpp, line 805]
Event: 2.550 Thread 0x000002a978b2e0e0 Exception <a 'java/lang/NoSuchMethodError'{0x00000007137059b0}: 'int java.lang.invoke.DirectMethodHandle$Holder.invokeSpecial(java.lang.Object, java.lang.Object, java.lang.Object)'> (0x00000007137059b0) 
thrown [s\open\src\hotspot\share\interpreter\linkResolver.cpp, line 805]
Event: 2.782 Thread 0x000002a91b6ec8a0 Exception <a 'java/lang/NoSuchMethodError'{0x00000007133b4448}: 'int java.lang.invoke.DirectMethodHandle$Holder.invokeStaticInit(java.lang.Object, java.lang.Object, java.lang.Object)'> (0x00000007133b4448) 
thrown [s\open\src\hotspot\share\interpreter\linkResolver.cpp, line 805]
Event: 2.813 Thread 0x000002a91b6ec8a0 Exception <a 'java/lang/NoSuchMethodError'{0x00000007130259e8}: 'java.lang.Object java.lang.invoke.DirectMethodHandle$Holder.newInvokeSpecial(java.lang.Object, java.lang.Object, java.lang.Object, java.lang.Object, java.lang.Object)'> (0x00000007130259e8) 
thrown [s\open\src\hotspot\share\interpreter\linkResolver.cpp, line 805]
Event: 2.831 Thread 0x000002a91b6ec8a0 Exception <a 'java/lang/NoSuchMethodError'{0x000000071307abc8}: 'java.lang.Object java.lang.invoke.DirectMethodHandle$Holder.invokeStaticInit(java.lang.Object, java.lang.Object, java.lang.Object)'> (0x000000071307abc8) 
thrown [s\open\src\hotspot\share\interpreter\linkResolver.cpp, line 805]
Event: 2.892 Thread 0x000002a91b6ec8a0 Exception <a 'java/lang/IncompatibleClassChangeError'{0x0000000713109dc8}: Found class java.lang.Object, but interface was expected> (0x0000000713109dc8) 
thrown [s\open\src\hotspot\share\interpreter\linkResolver.cpp, line 872]
Event: 2.947 Thread 0x000002a91b6ec8a0 Exception <a 'sun/nio/fs/WindowsException'{0x0000000713170f90}> (0x0000000713170f90) 
thrown [s\open\src\hotspot\share\prims\jni.cpp, line 518]

VM Operations (10 events):
Event: 0.707 Executing VM operation: HandshakeAllThreads (Deoptimize)
Event: 0.707 Executing VM operation: HandshakeAllThreads (Deoptimize) done
Event: 1.394 Executing VM operation: HandshakeAllThreads (Deoptimize)
Event: 1.394 Executing VM operation: HandshakeAllThreads (Deoptimize) done
Event: 1.537 Executing VM operation: HandshakeAllThreads (Deoptimize)
Event: 1.537 Executing VM operation: HandshakeAllThreads (Deoptimize) done
Event: 2.516 Executing VM operation: HandshakeAllThreads (Deoptimize)
Event: 2.516 Executing VM operation: HandshakeAllThreads (Deoptimize) done
Event: 2.950 Executing VM operation: HandshakeAllThreads (Deoptimize)
Event: 2.950 Executing VM operation: HandshakeAllThreads (Deoptimize) done

Memory protections (0 events):
No events

Nmethod flushes (0 events):
No events

Events (16 events):
Event: 0.069 Thread 0x000002a978b2e0e0 Thread added: 0x000002a978b2e0e0
Event: 0.100 Thread 0x000002a978b2e0e0 Thread added: 0x000002a97c7ae4c0
Event: 0.100 Thread 0x000002a978b2e0e0 Thread added: 0x000002a91b6e1090
Event: 0.101 Thread 0x000002a978b2e0e0 Thread added: 0x000002a91b6e2580
Event: 0.101 Thread 0x000002a978b2e0e0 Thread added: 0x000002a91b6e30b0
Event: 0.102 Thread 0x000002a978b2e0e0 Thread added: 0x000002a91b6ebbf0
Event: 0.102 Thread 0x000002a978b2e0e0 Thread added: 0x000002a91b6ede90
Event: 0.102 Thread 0x000002a978b2e0e0 Thread added: 0x000002a91b70b340
Event: 0.103 Thread 0x000002a978b2e0e0 Thread added: 0x000002a91b70c400
Event: 0.677 Thread 0x000002a978b2e0e0 Thread added: 0x000002a91b6ef480
Event: 0.744 Thread 0x000002a91b70c400 Thread added: 0x000002a91b818fd0
Event: 1.297 Thread 0x000002a91b818fd0 Thread exited: 0x000002a91b818fd0
Event: 1.317 Thread 0x000002a978b2e0e0 Thread added: 0x000002a91b6ee5e0
Event: 1.318 Thread 0x000002a978b2e0e0 Thread added: 0x000002a91b6efbd0
Event: 2.703 Thread 0x000002a978b2e0e0 Thread added: 0x000002a91b6eed30
Event: 2.716 Thread 0x000002a91b6eed30 Thread added: 0x000002a91b6ec8a0


Dynamic libraries:
0x00007ff746680000 - 0x00007ff74668e000 	C:\Users\penei\.jdks\openjdk-24\bin\java.exe
0x00007ffbdcae0000 - 0x00007ffbdcd48000 	C:\WINDOWS\SYSTEM32\ntdll.dll
0x00007ffbdb710000 - 0x00007ffbdb7d9000 	C:\WINDOWS\System32\KERNEL32.DLL
0x00007ffbda4b0000 - 0x00007ffbda8a2000 	C:\WINDOWS\System32\KERNELBASE.dll
0x00007ffbda280000 - 0x00007ffbda3cb000 	C:\WINDOWS\System32\ucrtbase.dll
0x00007ffbd6350000 - 0x00007ffbd6366000 	C:\Users\penei\.jdks\openjdk-24\bin\jli.dll
0x00007ffbc60b0000 - 0x00007ffbc60cb000 	C:\Users\penei\.jdks\openjdk-24\bin\VCRUNTIME140.dll
0x00007ffbdc5b0000 - 0x00007ffbdc775000 	C:\WINDOWS\System32\USER32.dll
0x00007ffbda480000 - 0x00007ffbda4a7000 	C:\WINDOWS\System32\win32u.dll
0x00007ffbbe880000 - 0x00007ffbbeb13000 	C:\WINDOWS\WinSxS\amd64_microsoft.windows.common-controls_6595b64144ccf1df_6.0.26100.6899_none_3e0efeeae32e88c1\COMCTL32.dll
0x00007ffbdb350000 - 0x00007ffbdb37b000 	C:\WINDOWS\System32\GDI32.dll
0x00007ffbda910000 - 0x00007ffbda9b9000 	C:\WINDOWS\System32\msvcrt.dll
0x00007ffbd9dc0000 - 0x00007ffbd9eed000 	C:\WINDOWS\System32\gdi32full.dll
0x00007ffbda3d0000 - 0x00007ffbda473000 	C:\WINDOWS\System32\msvcp_win.dll
0x00007ffbda8b0000 - 0x00007ffbda8df000 	C:\WINDOWS\System32\IMM32.DLL
0x00007ffbd4120000 - 0x00007ffbd412c000 	C:\Users\penei\.jdks\openjdk-24\bin\vcruntime140_1.dll
0x00007ffb993e0000 - 0x00007ffb9946e000 	C:\Users\penei\.jdks\openjdk-24\bin\msvcp140.dll
0x00007ffb39320000 - 0x00007ffb3a0c2000 	C:\Users\penei\.jdks\openjdk-24\bin\server\jvm.dll
0x00007ffbdc240000 - 0x00007ffbdc2f4000 	C:\WINDOWS\System32\ADVAPI32.dll
0x00007ffbdc8c0000 - 0x00007ffbdc966000 	C:\WINDOWS\System32\sechost.dll
0x00007ffbdb230000 - 0x00007ffbdb348000 	C:\WINDOWS\System32\RPCRT4.dll
0x00007ffbdb1b0000 - 0x00007ffbdb224000 	C:\WINDOWS\System32\WS2_32.dll
0x00007ffbd9ad0000 - 0x00007ffbd9b2e000 	C:\WINDOWS\SYSTEM32\POWRPROF.dll
0x00007ffbd6560000 - 0x00007ffbd6595000 	C:\WINDOWS\SYSTEM32\WINMM.dll
0x00007ffbc6610000 - 0x00007ffbc661b000 	C:\WINDOWS\SYSTEM32\VERSION.dll
0x00007ffbd9ab0000 - 0x00007ffbd9ac4000 	C:\WINDOWS\SYSTEM32\UMPDC.dll
0x00007ffbd8a40000 - 0x00007ffbd8a5b000 	C:\WINDOWS\SYSTEM32\kernel.appcore.dll
0x00007ffbc60a0000 - 0x00007ffbc60aa000 	C:\Users\penei\.jdks\openjdk-24\bin\jimage.dll
0x00007ffbd72f0000 - 0x00007ffbd7532000 	C:\WINDOWS\SYSTEM32\DBGHELP.DLL
0x00007ffbdb9d0000 - 0x00007ffbdbd4b000 	C:\WINDOWS\System32\combase.dll
0x00007ffbdb390000 - 0x00007ffbdb467000 	C:\WINDOWS\System32\OLEAUT32.dll
0x00007ffbbc5d0000 - 0x00007ffbbc60c000 	C:\WINDOWS\SYSTEM32\dbgcore.DLL
0x00007ffbda1e0000 - 0x00007ffbda278000 	C:\WINDOWS\System32\bcryptPrimitives.dll
0x00007ffbc4f10000 - 0x00007ffbc4f1f000 	C:\Users\penei\.jdks\openjdk-24\bin\instrument.dll
0x00007ffbc0dc0000 - 0x00007ffbc0dde000 	C:\Users\penei\.jdks\openjdk-24\bin\java.dll
0x00007ffbdb470000 - 0x00007ffbdb608000 	C:\WINDOWS\System32\ole32.dll
0x00007ffbdaa60000 - 0x00007ffbdb1ad000 	C:\WINDOWS\System32\SHELL32.dll
0x00007ffbd9ef0000 - 0x00007ffbda05b000 	C:\WINDOWS\System32\wintypes.dll
0x00007ffbd7890000 - 0x00007ffbd80ed000 	C:\WINDOWS\SYSTEM32\windows.storage.dll
0x00007ffbdc9a0000 - 0x00007ffbdca92000 	C:\WINDOWS\System32\SHCORE.dll
0x00007ffbda9f0000 - 0x00007ffbdaa52000 	C:\WINDOWS\System32\shlwapi.dll
0x00007ffbd9b90000 - 0x00007ffbd9bb9000 	C:\WINDOWS\SYSTEM32\profapi.dll
0x00007ffb99120000 - 0x00007ffb991f7000 	C:\Users\penei\.jdks\openjdk-24\bin\jsvml.dll
0x00007ffbc0d30000 - 0x00007ffbc0d47000 	C:\Users\penei\.jdks\openjdk-24\bin\zip.dll
0x00007ffbc4da0000 - 0x00007ffbc4db0000 	C:\Users\penei\.jdks\openjdk-24\bin\net.dll
0x00007ffbd8fb0000 - 0x00007ffbd901b000 	C:\WINDOWS\system32\mswsock.dll
0x00007ffbc0da0000 - 0x00007ffbc0db6000 	C:\Users\penei\.jdks\openjdk-24\bin\nio.dll
0x00007ffbc0e40000 - 0x00007ffbc0e49000 	C:\Users\penei\.jdks\openjdk-24\bin\extnet.dll
0x00007ffbc0d10000 - 0x00007ffbc0d1a000 	C:\Users\penei\.jdks\openjdk-24\bin\management.dll
0x00007ffbc01e0000 - 0x00007ffbc01eb000 	C:\Users\penei\.jdks\openjdk-24\bin\management_ext.dll
0x00007ffbdb380000 - 0x00007ffbdb388000 	C:\WINDOWS\System32\PSAPI.DLL

dbghelp: loaded successfully - version: 4.0.5 - missing functions: none
symbol engine: initialized successfully - sym options: 0x614 - pdb path: .;C:\Users\penei\.jdks\openjdk-24\bin;C:\WINDOWS\SYSTEM32;C:\WINDOWS\WinSxS\amd64_microsoft.windows.common-controls_6595b64144ccf1df_6.0.26100.6899_none_3e0efeeae32e88c1;C:\Users\penei\.jdks\openjdk-24\bin\server

VM Arguments:
jvm_args: -javaagent:C:\Program Files\JetBrains\IntelliJ IDEA Community Edition 2024.3.5\lib\idea_rt.jar=59275 -Dfile.encoding=UTF-8 -Dsun.stdout.encoding=UTF-8 -Dsun.stderr.encoding=UTF-8 
java_command: com.kings.okdhvi.Iniciar
java_class_path (initial): C:\Users\penei\Desktop\Dev\PI\PI-Observatorio-Kings-de-Direitos-Humanos\target\classes;C:\Users\penei\.m2\repository\org\springframework\boot\spring-boot-starter-data-jpa\3.5.4\spring-boot-starter-data-jpa-3.5.4.jar;C:\Users\penei\.m2\repository\org\springframework\boot\spring-boot-starter\3.5.4\spring-boot-starter-3.5.4.jar;C:\Users\penei\.m2\repository\org\springframework\boot\spring-boot-starter-logging\3.5.4\spring-boot-starter-logging-3.5.4.jar;C:\Users\penei\.m2\repository\ch\qos\logback\logback-classic\1.5.18\logback-classic-1.5.18.jar;C:\Users\penei\.m2\repository\ch\qos\logback\logback-core\1.5.18\logback-core-1.5.18.jar;C:\Users\penei\.m2\repository\org\apache\logging\log4j\log4j-to-slf4j\2.24.3\log4j-to-slf4j-2.24.3.jar;C:\Users\penei\.m2\repository\org\apache\logging\log4j\log4j-api\2.24.3\log4j-api-2.24.3.jar;C:\Users\penei\.m2\repository\org\slf4j\jul-to-slf4j\2.0.17\jul-to-slf4j-2.0.17.jar;C:\Users\penei\.m2\repository\jakarta\annotation\jakarta.annotation-api\2.1.1\jakarta.annotation-api-2.1.1.jar;C:\Users\penei\.m2\repository\org\yaml\snakeyaml\2.4\snakeyaml-2.4.jar;C:\Users\penei\.m2\repository\org\springframework\boot\spring-boot-starter-jdbc\3.5.4\spring-boot-starter-jdbc-3.5.4.jar;C:\Users\penei\.m2\repository\com\zaxxer\HikariCP\6.3.1\HikariCP-6.3.1.jar;C:\Users\penei\.m2\repository\org\springframework\spring-jdbc\6.2.9\spring-jdbc-6.2.9.jar;C:\Users\penei\.m2\repository\org\hibernate\orm\hibernate-core\6.6.22.Final\hibernate-core-6.6.22.Final.jar;C:\Users\penei\.m2\repository\jakarta\persistence\jakarta.persistence-api\3.1.0\jakarta.persistence-api-3.1.0.jar;C:\Users\penei\.m2\repository\jakarta\transaction\jakarta.transaction-api\2.0.1\jakarta.transaction-api-2.0.1.jar;C:\Users\penei\.m2\repository\org\jboss\logging\jboss-logging\3.6.1.Final\jboss-logging-3.6.1.Final.jar;C:\Users\penei\.m2\repository\org\hibernate\common\hibernate-commons-annotations\7.0.3.Final\hibernate-commons-annotations-7.0.3.Final.jar;C:\Users\penei\.m2\repository\io\smallrye\jandex\3.2.0\jandex-3.2.0.jar;C:\Users\penei\.m2\repository\com\fasterxml\classmate\1.7.0\classmate-1.7.0.jar;C:\Users\penei\.m2\repository\net\bytebuddy\byte-buddy\1.17.6\byte-buddy-1.17.6.jar;C:\Users\penei\.m2\repository\org\glassfish\jaxb\jaxb-runtime\4.0.5\jaxb-runtime-4.0.5.jar;C:\Users\penei\.m2\repository\org\glassfish\jaxb\jaxb-core\4.0.5\jaxb-core-4.0.5.jar;C:\Users\penei\.m2\repository\org\eclipse\angus\angus-activation\2.0.2\angus-activation-2.0.2.jar;C:\Users\penei\.m2\repository\org\glassfish\jaxb\txw2\4.0.5\txw2-4.0.5.jar;C:\Users\penei\.m2\repository\com\sun\istack\istack-commons-runtime\4.1.2\istack-commons-runtime-4.1.2.jar;C:\Users\penei\.m2\repository\jakarta\inject\jakarta.inject-api\2.0.1\jakarta.inject-api-2.0.1.jar;C:\Users\penei\.m2\repository\org\antlr\antlr4-runtime\4.13.0\antlr4-runtime-4.13.0.jar;C:\Users\penei\.m2\repository\org\springframework\data\spring-data-jpa\3.5.2\spring-data-jpa-3.5.2.jar;C:\Users\penei\.m2\repository\org\springframework\data\spring-data-commons\3.5.2\spring-data-commons-3.5.2.jar;C:\Users\penei\.m2\repository\org\springframework\spring-orm\6.2.9\spring-orm-6.2.9.jar;C:\Users\penei\.m2\repository\org\springframework\spring-context\6.2.9\spring-context-6.2.9.jar;C:\Users\penei\.m2\repository\org\springframework\spring-tx\6.2.9\spring-tx-6.2.9.jar;C:\Users\penei\.m2\repository\org\springframework\spring-beans\6.2.9\spring-beans-6.2.9.jar;C:\Users\penei\.m2\repository\org\slf4j\slf4j-api\2.0.17\slf4j-api-2.0.17.jar;C:\Users\penei\.m2\repository\org\springframework\spring-aspects\6.2.9\spring-aspects-6.2.9.jar;C:\Users\penei\.m2\repository\org\aspectj\aspectjweaver\1.9.24\aspectjweaver-1.9.24.jar;C:\Users\penei\.m2\repository\org\springframework\boot\spring-boot-starter-web\3.5.4\spring-boot-starter-web-3.5.4.jar;C:\Users\penei\.m2\repository\org\springframework\boot\spring-boot-starter-json\3.5.4\spring-boot-starter-json-3.5.4.jar;C:\Users\penei\.m2\repository\com\fasterxml\jackson\datatype\jackson-datatype-jdk8\2.19.2\jackson-datatype-jdk8-2.19.2.jar;C:\Users\penei\.m2\repository\com\fasterxml\jackson\datatype\jackson-datatype-jsr310\2.19.2\jackson-datatype-jsr310-2.19.2.jar;C:\Users\penei\.m2\repository\com\fasterxml\jackson\module\jackson-module-parameter-names\2.19.2\jackson-module-parameter-names-2.19.2.jar;C:\Users\penei\.m2\repository\org\springframework\boot\spring-boot-starter-tomcat\3.5.4\spring-boot-starter-tomcat-3.5.4.jar;C:\Users\penei\.m2\repository\org\apache\tomcat\embed\tomcat-embed-core\10.1.43\tomcat-embed-core-10.1.43.jar;C:\Users\penei\.m2\repository\org\apache\tomcat\embed\tomcat-embed-el\10.1.43\tomcat-embed-el-10.1.43.jar;C:\Users\penei\.m2\repository\org\apache\tomcat\embed\tomcat-embed-websocket\10.1.43\tomcat-embed-websocket-10.1.43.jar;C:\Users\penei\.m2\repository\org\springframework\spring-web\6.2.9\spring-web-6.2.9.jar;C:\Users\penei\.m2\repository\io\micrometer\micrometer-observation\1.15.2\micrometer-observation-1.15.2.jar;C:\Users\penei\.m2\repository\io\micrometer\micrometer-commons\1.15.2\micrometer-commons-1.15.2.jar;C:\Users\penei\.m2\repository\org\springframework\spring-webmvc\6.2.9\spring-webmvc-6.2.9.jar;C:\Users\penei\.m2\repository\org\springframework\spring-expression\6.2.9\spring-expression-6.2.9.jar;C:\Users\penei\.m2\repository\com\auth0\java-jwt\4.5.0\java-jwt-4.5.0.jar;C:\Users\penei\.m2\repository\com\fasterxml\jackson\core\jackson-core\2.19.2\jackson-core-2.19.2.jar;C:\Users\penei\.m2\repository\com\fasterxml\jackson\core\jackson-databind\2.19.2\jackson-databind-2.19.2.jar;C:\Users\penei\.m2\repository\com\fasterxml\jackson\core\jackson-annotations\2.19.2\jackson-annotations-2.19.2.jar;C:\Users\penei\.m2\repository\org\springframework\boot\spring-boot-starter-thymeleaf\3.5.4\spring-boot-starter-thymeleaf-3.5.4.jar;C:\Users\penei\.m2\repository\org\thymeleaf\thymeleaf-spring6\3.1.3.RELEASE\thymeleaf-spring6-3.1.3.RELEASE.jar;C:\Users\penei\.m2\repository\org\thymeleaf\thymeleaf\3.1.3.RELEASE\thymeleaf-3.1.3.RELEASE.jar;C:\Users\penei\.m2\repository\org\attoparser\attoparser\2.0.7.RELEASE\attoparser-2.0.7.RELEASE.jar;C:\Users\penei\.m2\repository\org\unbescape\unbescape\1.1.6.RELEASE\unbescape-1.1.6.RELEASE.jar;C:\Users\penei\.m2\repository\org\springframework\boot\spring-boot-starter-security\3.5.4\spring-boot-starter-security-3.5.4.jar;C:\Users\penei\.m2\repository\org\springframework\spring-aop\6.2.9\spring-aop-6.2.9.jar;C:\Users\penei\.m2\repository\org\springframework\security\spring-security-config\6.5.2\spring-security-config-6.5.2.jar;C:\Users\penei\.m2\repository\org\springframework\security\spring-security-web\6.5.2\spring-security-web-6.5.2.jar;C:\Users\penei\.m2\repository\jakarta\xml\bind\jakarta.xml.bind-api\4.0.2\jakarta.xml.bind-api-4.0.2.jar;C:\Users\penei\.m2\repository\jakarta\activation\jakarta.activation-api\2.1.3\jakarta.activation-api-2.1.3.jar;C:\Users\penei\.m2\repository\org\springframework\spring-core\6.2.9\spring-core-6.2.9.jar;C:\Users\penei\.m2\repository\org\springframework\spring-jcl\6.2.9\spring-jcl-6.2.9.jar;C:\Users\penei\.m2\repository\org\springframework\security\spring-security-core\6.5.2\spring-security-core-6.5.2.jar;C:\Users\penei\.m2\repository\org\springframework\security\spring-security-crypto\6.5.2\spring-security-crypto-6.5.2.jar;C:\Users\penei\.m2\repository\org\springframework\boot\spring-boot-devtools\3.5.4\spring-boot-devtools-3.5.4.jar;C:\Users\penei\.m2\repository\org\springframework\boot\spring-boot\3.5.4\spring-boot-3.5.4.jar;C:\Users\penei\.m2\repository\org\springframework\boot\spring-boot-autoconfigure\3.5.4\spring-boot-autoconfigure-3.5.4.jar;C:\Users\penei\.m2\repository\com\mysql\mysql-connector-j\9.3.0\mysql-connector-j-9.3.0.jar
Launcher Type: SUN_STANDARD

[Global flags]
     intx CICompilerCount                          = 4                                         {product} {ergonomic}
     uint ConcGCThreads                            = 3                                         {product} {ergonomic}
     uint G1ConcRefinementThreads                  = 10                                        {product} {ergonomic}
   size_t G1HeapRegionSize                         = 2097152                                   {product} {ergonomic}
   size_t InitialHeapSize                          = 264241152                                 {product} {ergonomic}
   size_t MarkStackSize                            = 4194304                                   {product} {ergonomic}
   size_t MarkStackSizeMax                         = 536870912                                 {product} {ergonomic}
   size_t MaxHeapSize                              = 4213178368                                {product} {ergonomic}
   size_t MaxNewSize                               = 2527068160                                {product} {ergonomic}
   size_t MinHeapDeltaBytes                        = 2097152                                   {product} {ergonomic}
   size_t MinHeapSize                              = 8388608                                   {product} {ergonomic}
    uintx NonNMethodCodeHeapSize                   = 5832704                                {pd product} {ergonomic}
    uintx NonProfiledCodeHeapSize                  = 122945536                              {pd product} {ergonomic}
    uintx ProfiledCodeHeapSize                     = 122880000                              {pd product} {ergonomic}
    uintx ReservedCodeCacheSize                    = 251658240                              {pd product} {ergonomic}
     bool SegmentedCodeCache                       = true                                      {product} {ergonomic}
   size_t SoftMaxHeapSize                          = 4213178368                             {manageable} {ergonomic}
     bool UseCompressedOops                        = true                           {product lp64_product} {ergonomic}
     bool UseG1GC                                  = true                                      {product} {ergonomic}
     bool UseLargePagesIndividualAllocation        = false                                  {pd product} {ergonomic}

Logging:
Log output configuration:
 #0: stdout all=warning uptime,level,tags foldmultilines=false
 #1: stderr all=off uptime,level,tags foldmultilines=false

Environment Variables:
JAVA_HOME=C:\Program Files\Java\jdk-24
PATH=C:\Program Files\Common Files\Oracle\Java\javapath;C:\Program Files (x86)\Common Files\Oracle\Java\javapath;C:\WINDOWS\system32;C:\WINDOWS;C:\WINDOWS\System32\Wbem;C:\WINDOWS\System32\WindowsPowerShell\v1.0\;C:\WINDOWS\System32\OpenSSH\;C:\Program Files\dotnet\;C:\Program Files\Git\cmd;C:\Program Files\MySQL\MySQL Shell 8.0\bin;C:\Users\penei\AppData\Roaming\fnm\node-versions\v22.14.0\installation;C:\Users\penei\flutter\bin;C:\Program Files (x86)\Windows Kits\10\Windows Performance Toolkit\;C:\msys64\mingw64\bin;;C:\ProgramData\chocolatey\bin;C:\ProgramData\chocolatey\lib\maven\apache-maven-3.9.11\bin;C:\Program Files\Docker\Docker\resources\bin;C:\Program Files\MySQL\MySQL Shell 8.0\bin\;C:\Users\penei\AppData\Local\Programs\Python\Launcher\;C:\Users\penei\AppData\Local\Microsoft\WindowsApps;C:\Users\penei\flutter\bin;C:\Users\penei\AppData\Local\Microsoft\WinGet\Packages\Schniz.fnm_Microsoft.Winget.Source_8wekyb3d8bbwe;;C:\Program Files\JetBrains\IntelliJ IDEA 2024.3.5\bin;;C:\Program Files\JetBrains\IntelliJ IDEA Community Edition 2024.3.5\bin;;C:\Users\penei\AppData\Local\Programs\Microsoft VS Code\bin
USERNAME=penei
OS=Windows_NT
PROCESSOR_IDENTIFIER=Intel64 Family 6 Model 154 Stepping 4, GenuineIntel
TMP=C:\Users\penei\AppData\Local\Temp
TEMP=C:\Users\penei\AppData\Local\Temp




Periodic native trim disabled

---------------  S Y S T E M  ---------------

OS:
 Windows 11 , 64 bit Build 26100 (10.0.26100.6725)
OS uptime: 13 days 2:40 hours
Hyper-V role detected

CPU: total 12 (initial active 12) (6 cores per cpu, 2 threads per core) family 6 model 154 stepping 4 microcode 0x437, cx8, cmov, fxsr, ht, mmx, 3dnowpref, sse, sse2, sse3, ssse3, sse4.1, sse4.2, popcnt, lzcnt, tsc, tscinvbit, avx, avx2, aes, erms, clmul, bmi1, bmi2, adx, sha, fma, vzeroupper, clflush, clflushopt, clwb, hv, serialize, rdtscp, rdpid, fsrm, gfni, f16c, cet_ibt, cet_ss
Processor Information for processor 0
  Max Mhz: 1700, Current Mhz: 1700, Mhz Limit: 1700
Processor Information for processor 1
  Max Mhz: 1700, Current Mhz: 1700, Mhz Limit: 1700
Processor Information for processor 2
  Max Mhz: 1700, Current Mhz: 1700, Mhz Limit: 1700
Processor Information for processor 3
  Max Mhz: 1700, Current Mhz: 1700, Mhz Limit: 1700
Processor Information for processor 4
  Max Mhz: 1700, Current Mhz: 1700, Mhz Limit: 1700
Processor Information for processor 5
  Max Mhz: 1700, Current Mhz: 1558, Mhz Limit: 1700
Processor Information for processor 6
  Max Mhz: 1700, Current Mhz: 1700, Mhz Limit: 1700
Processor Information for processor 7
  Max Mhz: 1700, Current Mhz: 1700, Mhz Limit: 1700
Processor Information for processor 8
  Max Mhz: 1700, Current Mhz: 1700, Mhz Limit: 1700
Processor Information for processor 9
  Max Mhz: 1700, Current Mhz: 1558, Mhz Limit: 1700
Processor Information for processor 10
  Max Mhz: 1700, Current Mhz: 1558, Mhz Limit: 1700
Processor Information for processor 11
  Max Mhz: 1700, Current Mhz: 1700, Mhz Limit: 1700

Memory: 4k page, system-wide physical 16068M (1842M free)
TotalPageFile size 65220M (AvailPageFile size 28M)
current process WorkingSet (physical memory assigned to process): 86M, peak: 86M
current process commit charge ("private bytes"): 362M, peak: 363M

vm_info: OpenJDK 64-Bit Server VM (24+36-3646) for windows-amd64 JRE (24+36-3646), built on 2025-02-06T00:20:43Z with MS VC++ 17.6 (VS2022)

END.
